<?xml version="1.0" encoding="UTF-8"?>
<testsuite name="ru.lms_project.api_gateway.ApiGatewayApplicationTests" tests="1" skipped="0" failures="0" errors="0" timestamp="2025-11-05T21:33:53.844Z" hostname="arch-undndnwnkk" time="0.487">
  <properties/>
  <testcase name="contextLoads()" classname="ru.lms_project.api_gateway.ApiGatewayApplicationTests" time="0.487"/>
  <system-out><![CDATA[00:33:51.394 [Test worker] INFO org.springframework.test.context.support.AnnotationConfigContextLoaderUtils -- Could not detect default configuration classes for test class [ru.lms_project.api_gateway.ApiGatewayApplicationTests]: ApiGatewayApplicationTests does not declare any static, non-private, non-final, nested classes annotated with @Configuration.
00:33:51.469 [Test worker] INFO org.springframework.boot.test.context.SpringBootTestContextBootstrapper -- Found @SpringBootConfiguration ru.lms_project.api_gateway.ApiGatewayApplication for test class ru.lms_project.api_gateway.ApiGatewayApplicationTests

  .   ____          _            __ _ _
 /\\ / ___'_ __ _ _(_)_ __  __ _ \ \ \ \
( ( )\___ | '_ | '_| | '_ \/ _` | \ \ \ \
 \\/  ___)| |_)| | | | | || (_| |  ) ) ) )
  '  |____| .__|_| |_|_| |_\__, | / / / /
 =========|_|==============|___/=/_/_/_/

 :: Spring Boot ::                (v3.5.6)

2025-11-06T00:33:51.919+03:00  INFO 73589 --- [api-gateway] [    Test worker] r.l.a.ApiGatewayApplicationTests         : Starting ApiGatewayApplicationTests using Java 21.0.7 with PID 73589 (started by undndnwnkk-arch in /home/undndnwnkk-arch/development/work/lms-project/LMS/services/api-gateway)
2025-11-06T00:33:51.920+03:00  INFO 73589 --- [api-gateway] [    Test worker] r.l.a.ApiGatewayApplicationTests         : No active profile set, falling back to 1 default profile: "default"
2025-11-06T00:33:52.381+03:00 TRACE 73589 --- [api-gateway] [    Test worker] Configuration$OnVerboseDisabledCondition : Condition GatewayAutoConfiguration.OnVerboseDisabledCondition on org.springframework.cloud.gateway.config.GatewayAutoConfiguration$GatewayActuatorConfiguration#gatewayLegacyControllerEndpoint did not match due to NoneNestedConditions 1 matched 0 did not; NestedCondition on GatewayAutoConfiguration.OnVerboseDisabledCondition.VerboseDisabled @ConditionalOnProperty (spring.cloud.gateway.server.webflux.actuator.verbose.enabled) matched
2025-11-06T00:33:52.382+03:00 TRACE 73589 --- [api-gateway] [    Test worker] TrustedProxies$OnPropertyExistsCondition : Condition TrustedProxies.OnPropertyExistsCondition on org.springframework.cloud.gateway.config.GatewayAutoConfiguration$NettyConfiguration#gatewayNettyServerCustomizer did not match due to spring.cloud.gateway.server.webflux.trusted-proxies property is not set or is empty.
2025-11-06T00:33:52.388+03:00 TRACE 73589 --- [api-gateway] [    Test worker] o.s.c.g.c.c.OnEnabledGlobalFilter        : Condition OnEnabledGlobalFilter on org.springframework.cloud.gateway.config.GatewayAutoConfiguration$NettyConfiguration#routingFilter matched
2025-11-06T00:33:52.389+03:00 TRACE 73589 --- [api-gateway] [    Test worker] o.s.c.g.c.c.OnEnabledGlobalFilter        : Condition OnEnabledGlobalFilter on org.springframework.cloud.gateway.config.GatewayAutoConfiguration$NettyConfiguration#nettyWriteResponseFilter matched
2025-11-06T00:33:52.389+03:00 TRACE 73589 --- [api-gateway] [    Test worker] o.s.c.g.c.c.OnEnabledGlobalFilter        : Condition OnEnabledGlobalFilter on org.springframework.cloud.gateway.config.GatewayAutoConfiguration$NettyConfiguration#reactorNettyWebSocketClient matched
2025-11-06T00:33:52.389+03:00 TRACE 73589 --- [api-gateway] [    Test worker] o.s.c.g.c.c.OnEnabledGlobalFilter        : Condition OnEnabledGlobalFilter on org.springframework.cloud.gateway.config.GatewayAutoConfiguration$NettyConfiguration#reactorNettyRequestUpgradeStrategy matched
2025-11-06T00:33:52.405+03:00 TRACE 73589 --- [api-gateway] [    Test worker] Proxies$ForwardedTrustedProxiesCondition : Condition TrustedProxies.ForwardedTrustedProxiesCondition on org.springframework.cloud.gateway.config.GatewayAutoConfiguration#forwardedHeadersFilter did not match due to AllNestedConditions 1 matched 1 did not; NestedCondition on TrustedProxies.ForwardedTrustedProxiesCondition.OnTrustedProxiesNotEmpty spring.cloud.gateway.server.webflux.trusted-proxies property is not set or is empty.; NestedCondition on TrustedProxies.ForwardedTrustedProxiesCondition.OnPropertyEnabled @ConditionalOnProperty (spring.cloud.gateway.server.webflux.forwarded.enabled) matched
2025-11-06T00:33:52.406+03:00 TRACE 73589 --- [api-gateway] [    Test worker] roxies$XForwardedTrustedProxiesCondition : Condition TrustedProxies.XForwardedTrustedProxiesCondition on org.springframework.cloud.gateway.config.GatewayAutoConfiguration#xForwardedHeadersFilter did not match due to AllNestedConditions 1 matched 1 did not; NestedCondition on TrustedProxies.XForwardedTrustedProxiesCondition.OnTrustedProxiesNotEmpty spring.cloud.gateway.server.webflux.trusted-proxies property is not set or is empty.; NestedCondition on TrustedProxies.XForwardedTrustedProxiesCondition.OnPropertyEnabled @ConditionalOnProperty (spring.cloud.gateway.server.webflux.x-forwarded.enabled) matched
2025-11-06T00:33:52.407+03:00 TRACE 73589 --- [api-gateway] [    Test worker] o.s.c.g.c.c.OnEnabledGlobalFilter        : Condition OnEnabledGlobalFilter on org.springframework.cloud.gateway.config.GatewayAutoConfiguration#adaptCachedBodyGlobalFilter matched
2025-11-06T00:33:52.407+03:00 TRACE 73589 --- [api-gateway] [    Test worker] o.s.c.g.c.c.OnEnabledGlobalFilter        : Condition OnEnabledGlobalFilter on org.springframework.cloud.gateway.config.GatewayAutoConfiguration#removeCachedBodyFilter matched
2025-11-06T00:33:52.408+03:00 TRACE 73589 --- [api-gateway] [    Test worker] o.s.c.g.c.c.OnEnabledGlobalFilter        : Condition OnEnabledGlobalFilter on org.springframework.cloud.gateway.config.GatewayAutoConfiguration#routeToRequestUrlFilter matched
2025-11-06T00:33:52.408+03:00 TRACE 73589 --- [api-gateway] [    Test worker] o.s.c.g.c.c.OnEnabledGlobalFilter        : Condition OnEnabledGlobalFilter on org.springframework.cloud.gateway.config.GatewayAutoConfiguration#forwardRoutingFilter matched
2025-11-06T00:33:52.408+03:00 TRACE 73589 --- [api-gateway] [    Test worker] o.s.c.g.c.c.OnEnabledGlobalFilter        : Condition OnEnabledGlobalFilter on org.springframework.cloud.gateway.config.GatewayAutoConfiguration#forwardPathFilter matched
2025-11-06T00:33:52.408+03:00 TRACE 73589 --- [api-gateway] [    Test worker] o.s.c.g.c.c.OnEnabledGlobalFilter        : Condition OnEnabledGlobalFilter on org.springframework.cloud.gateway.config.GatewayAutoConfiguration#webSocketService matched
2025-11-06T00:33:52.409+03:00 TRACE 73589 --- [api-gateway] [    Test worker] o.s.c.g.c.c.OnEnabledGlobalFilter        : Condition OnEnabledGlobalFilter on org.springframework.cloud.gateway.config.GatewayAutoConfiguration#websocketRoutingFilter matched
2025-11-06T00:33:52.409+03:00 TRACE 73589 --- [api-gateway] [    Test worker] o.s.c.g.c.c.OnEnabledPredicate           : Condition OnEnabledPredicate on org.springframework.cloud.gateway.config.GatewayAutoConfiguration#weightCalculatorWebFilter matched
2025-11-06T00:33:52.409+03:00 TRACE 73589 --- [api-gateway] [    Test worker] o.s.c.g.c.c.OnEnabledPredicate           : Condition OnEnabledPredicate on org.springframework.cloud.gateway.config.GatewayAutoConfiguration#afterRoutePredicateFactory matched
2025-11-06T00:33:52.409+03:00 TRACE 73589 --- [api-gateway] [    Test worker] o.s.c.g.c.c.OnEnabledPredicate           : Condition OnEnabledPredicate on org.springframework.cloud.gateway.config.GatewayAutoConfiguration#beforeRoutePredicateFactory matched
2025-11-06T00:33:52.410+03:00 TRACE 73589 --- [api-gateway] [    Test worker] o.s.c.g.c.c.OnEnabledPredicate           : Condition OnEnabledPredicate on org.springframework.cloud.gateway.config.GatewayAutoConfiguration#betweenRoutePredicateFactory matched
2025-11-06T00:33:52.410+03:00 TRACE 73589 --- [api-gateway] [    Test worker] o.s.c.g.c.c.OnEnabledPredicate           : Condition OnEnabledPredicate on org.springframework.cloud.gateway.config.GatewayAutoConfiguration#cookieRoutePredicateFactory matched
2025-11-06T00:33:52.410+03:00 TRACE 73589 --- [api-gateway] [    Test worker] o.s.c.g.c.c.OnEnabledPredicate           : Condition OnEnabledPredicate on org.springframework.cloud.gateway.config.GatewayAutoConfiguration#headerRoutePredicateFactory matched
2025-11-06T00:33:52.410+03:00 TRACE 73589 --- [api-gateway] [    Test worker] o.s.c.g.c.c.OnEnabledPredicate           : Condition OnEnabledPredicate on org.springframework.cloud.gateway.config.GatewayAutoConfiguration#hostRoutePredicateFactory matched
2025-11-06T00:33:52.411+03:00 TRACE 73589 --- [api-gateway] [    Test worker] o.s.c.g.c.c.OnEnabledPredicate           : Condition OnEnabledPredicate on org.springframework.cloud.gateway.config.GatewayAutoConfiguration#methodRoutePredicateFactory matched
2025-11-06T00:33:52.411+03:00 TRACE 73589 --- [api-gateway] [    Test worker] o.s.c.g.c.c.OnEnabledPredicate           : Condition OnEnabledPredicate on org.springframework.cloud.gateway.config.GatewayAutoConfiguration#pathRoutePredicateFactory matched
2025-11-06T00:33:52.411+03:00 TRACE 73589 --- [api-gateway] [    Test worker] o.s.c.g.c.c.OnEnabledPredicate           : Condition OnEnabledPredicate on org.springframework.cloud.gateway.config.GatewayAutoConfiguration#queryRoutePredicateFactory matched
2025-11-06T00:33:52.411+03:00 TRACE 73589 --- [api-gateway] [    Test worker] o.s.c.g.c.c.OnEnabledPredicate           : Condition OnEnabledPredicate on org.springframework.cloud.gateway.config.GatewayAutoConfiguration#readBodyPredicateFactory matched
2025-11-06T00:33:52.412+03:00 TRACE 73589 --- [api-gateway] [    Test worker] o.s.c.g.c.c.OnEnabledPredicate           : Condition OnEnabledPredicate on org.springframework.cloud.gateway.config.GatewayAutoConfiguration#remoteAddrRoutePredicateFactory matched
2025-11-06T00:33:52.412+03:00 TRACE 73589 --- [api-gateway] [    Test worker] o.s.c.g.c.c.OnEnabledPredicate           : Condition OnEnabledPredicate on org.springframework.cloud.gateway.config.GatewayAutoConfiguration#xForwardedRemoteAddrRoutePredicateFactory matched
2025-11-06T00:33:52.412+03:00 TRACE 73589 --- [api-gateway] [    Test worker] o.s.c.g.c.c.OnEnabledPredicate           : Condition OnEnabledPredicate on org.springframework.cloud.gateway.config.GatewayAutoConfiguration#weightRoutePredicateFactory matched
2025-11-06T00:33:52.412+03:00 TRACE 73589 --- [api-gateway] [    Test worker] o.s.c.g.c.c.OnEnabledPredicate           : Condition OnEnabledPredicate on org.springframework.cloud.gateway.config.GatewayAutoConfiguration#cloudFoundryRouteServiceRoutePredicateFactory matched
2025-11-06T00:33:52.413+03:00 TRACE 73589 --- [api-gateway] [    Test worker] o.s.c.g.c.conditional.OnEnabledFilter    : Condition OnEnabledFilter on org.springframework.cloud.gateway.config.GatewayAutoConfiguration#addRequestHeaderGatewayFilterFactory matched
2025-11-06T00:33:52.413+03:00 TRACE 73589 --- [api-gateway] [    Test worker] o.s.c.g.c.conditional.OnEnabledFilter    : Condition OnEnabledFilter on org.springframework.cloud.gateway.config.GatewayAutoConfiguration#addRequestHeadersIfNotPresentGatewayFilterFactory matched
2025-11-06T00:33:52.413+03:00 TRACE 73589 --- [api-gateway] [    Test worker] o.s.c.g.c.conditional.OnEnabledFilter    : Condition OnEnabledFilter on org.springframework.cloud.gateway.config.GatewayAutoConfiguration#mapRequestHeaderGatewayFilterFactory matched
2025-11-06T00:33:52.414+03:00 TRACE 73589 --- [api-gateway] [    Test worker] o.s.c.g.c.conditional.OnEnabledFilter    : Condition OnEnabledFilter on org.springframework.cloud.gateway.config.GatewayAutoConfiguration#addRequestParameterGatewayFilterFactory matched
2025-11-06T00:33:52.414+03:00 TRACE 73589 --- [api-gateway] [    Test worker] o.s.c.g.c.conditional.OnEnabledFilter    : Condition OnEnabledFilter on org.springframework.cloud.gateway.config.GatewayAutoConfiguration#addResponseHeaderGatewayFilterFactory matched
2025-11-06T00:33:52.414+03:00 TRACE 73589 --- [api-gateway] [    Test worker] o.s.c.g.c.conditional.OnEnabledFilter    : Condition OnEnabledFilter on org.springframework.cloud.gateway.config.GatewayAutoConfiguration#modifyRequestBodyGatewayFilterFactory matched
2025-11-06T00:33:52.414+03:00 TRACE 73589 --- [api-gateway] [    Test worker] o.s.c.g.c.conditional.OnEnabledFilter    : Condition OnEnabledFilter on org.springframework.cloud.gateway.config.GatewayAutoConfiguration#dedupeResponseHeaderGatewayFilterFactory matched
2025-11-06T00:33:52.414+03:00 TRACE 73589 --- [api-gateway] [    Test worker] o.s.c.g.c.conditional.OnEnabledFilter    : Condition OnEnabledFilter on org.springframework.cloud.gateway.config.GatewayAutoConfiguration#modifyResponseBodyGatewayFilterFactory matched
2025-11-06T00:33:52.415+03:00 TRACE 73589 --- [api-gateway] [    Test worker] o.s.c.g.c.conditional.OnEnabledFilter    : Condition OnEnabledFilter on org.springframework.cloud.gateway.config.GatewayAutoConfiguration#cacheRequestBodyGatewayFilterFactory matched
2025-11-06T00:33:52.415+03:00 TRACE 73589 --- [api-gateway] [    Test worker] o.s.c.g.c.conditional.OnEnabledFilter    : Condition OnEnabledFilter on org.springframework.cloud.gateway.config.GatewayAutoConfiguration#prefixPathGatewayFilterFactory matched
2025-11-06T00:33:52.415+03:00 TRACE 73589 --- [api-gateway] [    Test worker] o.s.c.g.c.conditional.OnEnabledFilter    : Condition OnEnabledFilter on org.springframework.cloud.gateway.config.GatewayAutoConfiguration#preserveHostHeaderGatewayFilterFactory matched
2025-11-06T00:33:52.415+03:00 TRACE 73589 --- [api-gateway] [    Test worker] o.s.c.g.c.conditional.OnEnabledFilter    : Condition OnEnabledFilter on org.springframework.cloud.gateway.config.GatewayAutoConfiguration#redirectToGatewayFilterFactory matched
2025-11-06T00:33:52.415+03:00 TRACE 73589 --- [api-gateway] [    Test worker] o.s.c.g.c.conditional.OnEnabledFilter    : Condition OnEnabledFilter on org.springframework.cloud.gateway.config.GatewayAutoConfiguration#removeJsonAttributesResponseBodyGatewayFilterFactory matched
2025-11-06T00:33:52.415+03:00 TRACE 73589 --- [api-gateway] [    Test worker] o.s.c.g.c.conditional.OnEnabledFilter    : Condition OnEnabledFilter on org.springframework.cloud.gateway.config.GatewayAutoConfiguration#removeRequestHeaderGatewayFilterFactory matched
2025-11-06T00:33:52.416+03:00 TRACE 73589 --- [api-gateway] [    Test worker] o.s.c.g.c.conditional.OnEnabledFilter    : Condition OnEnabledFilter on org.springframework.cloud.gateway.config.GatewayAutoConfiguration#removeRequestParameterGatewayFilterFactory matched
2025-11-06T00:33:52.416+03:00 TRACE 73589 --- [api-gateway] [    Test worker] o.s.c.g.c.conditional.OnEnabledFilter    : Condition OnEnabledFilter on org.springframework.cloud.gateway.config.GatewayAutoConfiguration#removeResponseHeaderGatewayFilterFactory matched
2025-11-06T00:33:52.421+03:00 TRACE 73589 --- [api-gateway] [    Test worker] o.s.c.g.c.conditional.OnEnabledFilter    : Condition OnEnabledFilter on org.springframework.cloud.gateway.config.GatewayAutoConfiguration#rewritePathGatewayFilterFactory matched
2025-11-06T00:33:52.421+03:00 TRACE 73589 --- [api-gateway] [    Test worker] o.s.c.g.c.conditional.OnEnabledFilter    : Condition OnEnabledFilter on org.springframework.cloud.gateway.config.GatewayAutoConfiguration#retryGatewayFilterFactory matched
2025-11-06T00:33:52.422+03:00 TRACE 73589 --- [api-gateway] [    Test worker] o.s.c.g.c.conditional.OnEnabledFilter    : Condition OnEnabledFilter on org.springframework.cloud.gateway.config.GatewayAutoConfiguration#setPathGatewayFilterFactory matched
2025-11-06T00:33:52.422+03:00 TRACE 73589 --- [api-gateway] [    Test worker] o.s.c.g.c.conditional.OnEnabledFilter    : Condition OnEnabledFilter on org.springframework.cloud.gateway.config.GatewayAutoConfiguration#secureHeadersGatewayFilterFactory matched
2025-11-06T00:33:52.422+03:00 TRACE 73589 --- [api-gateway] [    Test worker] o.s.c.g.c.conditional.OnEnabledFilter    : Condition OnEnabledFilter on org.springframework.cloud.gateway.config.GatewayAutoConfiguration#setRequestHeaderGatewayFilterFactory matched
2025-11-06T00:33:52.422+03:00 TRACE 73589 --- [api-gateway] [    Test worker] o.s.c.g.c.conditional.OnEnabledFilter    : Condition OnEnabledFilter on org.springframework.cloud.gateway.config.GatewayAutoConfiguration#setRequestHostHeaderGatewayFilterFactory matched
2025-11-06T00:33:52.423+03:00 TRACE 73589 --- [api-gateway] [    Test worker] o.s.c.g.c.conditional.OnEnabledFilter    : Condition OnEnabledFilter on org.springframework.cloud.gateway.config.GatewayAutoConfiguration#setResponseHeaderGatewayFilterFactory matched
2025-11-06T00:33:52.423+03:00 TRACE 73589 --- [api-gateway] [    Test worker] o.s.c.g.c.conditional.OnEnabledFilter    : Condition OnEnabledFilter on org.springframework.cloud.gateway.config.GatewayAutoConfiguration#rewriteResponseHeaderGatewayFilterFactory matched
2025-11-06T00:33:52.423+03:00 TRACE 73589 --- [api-gateway] [    Test worker] o.s.c.g.c.conditional.OnEnabledFilter    : Condition OnEnabledFilter on org.springframework.cloud.gateway.config.GatewayAutoConfiguration#rewriteLocationResponseHeaderGatewayFilterFactory matched
2025-11-06T00:33:52.423+03:00 TRACE 73589 --- [api-gateway] [    Test worker] o.s.c.g.c.conditional.OnEnabledFilter    : Condition OnEnabledFilter on org.springframework.cloud.gateway.config.GatewayAutoConfiguration#setStatusGatewayFilterFactory matched
2025-11-06T00:33:52.424+03:00 TRACE 73589 --- [api-gateway] [    Test worker] o.s.c.g.c.conditional.OnEnabledFilter    : Condition OnEnabledFilter on org.springframework.cloud.gateway.config.GatewayAutoConfiguration#saveSessionGatewayFilterFactory matched
2025-11-06T00:33:52.424+03:00 TRACE 73589 --- [api-gateway] [    Test worker] o.s.c.g.c.conditional.OnEnabledFilter    : Condition OnEnabledFilter on org.springframework.cloud.gateway.config.GatewayAutoConfiguration#stripPrefixGatewayFilterFactory matched
2025-11-06T00:33:52.424+03:00 TRACE 73589 --- [api-gateway] [    Test worker] o.s.c.g.c.conditional.OnEnabledFilter    : Condition OnEnabledFilter on org.springframework.cloud.gateway.config.GatewayAutoConfiguration#requestHeaderToRequestUriGatewayFilterFactory matched
2025-11-06T00:33:52.424+03:00 TRACE 73589 --- [api-gateway] [    Test worker] o.s.c.g.c.conditional.OnEnabledFilter    : Condition OnEnabledFilter on org.springframework.cloud.gateway.config.GatewayAutoConfiguration#setRequestUriGatewayFilterFactory matched
2025-11-06T00:33:52.424+03:00 TRACE 73589 --- [api-gateway] [    Test worker] o.s.c.g.c.conditional.OnEnabledFilter    : Condition OnEnabledFilter on org.springframework.cloud.gateway.config.GatewayAutoConfiguration#requestSizeGatewayFilterFactory matched
2025-11-06T00:33:52.425+03:00 TRACE 73589 --- [api-gateway] [    Test worker] o.s.c.g.c.conditional.OnEnabledFilter    : Condition OnEnabledFilter on org.springframework.cloud.gateway.config.GatewayAutoConfiguration#requestHeaderSizeGatewayFilterFactory matched
2025-11-06T00:33:52.425+03:00 TRACE 73589 --- [api-gateway] [    Test worker] o.s.c.g.c.conditional.OnEnabledFilter    : Condition OnEnabledFilter on org.springframework.cloud.gateway.config.GatewayAutoConfiguration#rewriteRequestParameterGatewayFilterFactory matched
2025-11-06T00:33:52.627+03:00  INFO 73589 --- [api-gateway] [    Test worker] o.s.cloud.context.scope.GenericScope     : BeanFactory id=7f281ceb-6669-3210-9aa1-143582f2db51
2025-11-06T00:33:52.800+03:00  INFO 73589 --- [api-gateway] [    Test worker] ctiveUserDetailsServiceAutoConfiguration : 

Using generated security password: d7997bf7-17b4-4401-b6a6-b00760376305

2025-11-06T00:33:53.351+03:00 DEBUG 73589 --- [api-gateway] [    Test worker] o.s.c.gateway.config.GatewayProperties   : Routes supplied from Gateway Properties: [RouteDefinition{id='userservice', predicates=[PredicateDefinition{name='Path', args={_genkey_0=/api/v1/users/**}}], filters=[FilterDefinition{name='Auth', args={}}], uri=http://localhost:8082, order=0, metadata={}, enabled=true}, RouteDefinition{id='authservice', predicates=[PredicateDefinition{name='Path', args={_genkey_0=/api/v1/auth/**}}], filters=[], uri=http://localhost:8084, order=0, metadata={}, enabled=true}, RouteDefinition{id='courseservice', predicates=[PredicateDefinition{name='Path', args={_genkey_0=/api/v1/courses/**}}], filters=[FilterDefinition{name='ConditionalAuth', args={}}], uri=http://localhost:8083, order=0, metadata={}, enabled=true}, RouteDefinition{id='modulesservice', predicates=[PredicateDefinition{name='Path', args={_genkey_0=/api/v1/modules}}], filters=[FilterDefinition{name='ConditionalAuth', args={}}], uri=http://localhost:8087, order=0, metadata={}, enabled=true}, RouteDefinition{id='lessonsservice', predicates=[PredicateDefinition{name='Path', args={_genkey_0=/api/v1/lessons}}], filters=[FilterDefinition{name='ConditionalAuth', args={}}], uri=http://localhost:8087, order=0, metadata={}, enabled=true}]
2025-11-06T00:33:53.440+03:00  INFO 73589 --- [api-gateway] [    Test worker] o.s.c.g.r.RouteDefinitionRouteLocator    : Loaded RoutePredicateFactory [After]
2025-11-06T00:33:53.440+03:00  INFO 73589 --- [api-gateway] [    Test worker] o.s.c.g.r.RouteDefinitionRouteLocator    : Loaded RoutePredicateFactory [Before]
2025-11-06T00:33:53.440+03:00  INFO 73589 --- [api-gateway] [    Test worker] o.s.c.g.r.RouteDefinitionRouteLocator    : Loaded RoutePredicateFactory [Between]
2025-11-06T00:33:53.440+03:00  INFO 73589 --- [api-gateway] [    Test worker] o.s.c.g.r.RouteDefinitionRouteLocator    : Loaded RoutePredicateFactory [Cookie]
2025-11-06T00:33:53.440+03:00  INFO 73589 --- [api-gateway] [    Test worker] o.s.c.g.r.RouteDefinitionRouteLocator    : Loaded RoutePredicateFactory [Header]
2025-11-06T00:33:53.440+03:00  INFO 73589 --- [api-gateway] [    Test worker] o.s.c.g.r.RouteDefinitionRouteLocator    : Loaded RoutePredicateFactory [Host]
2025-11-06T00:33:53.440+03:00  INFO 73589 --- [api-gateway] [    Test worker] o.s.c.g.r.RouteDefinitionRouteLocator    : Loaded RoutePredicateFactory [Method]
2025-11-06T00:33:53.440+03:00  INFO 73589 --- [api-gateway] [    Test worker] o.s.c.g.r.RouteDefinitionRouteLocator    : Loaded RoutePredicateFactory [Path]
2025-11-06T00:33:53.440+03:00  INFO 73589 --- [api-gateway] [    Test worker] o.s.c.g.r.RouteDefinitionRouteLocator    : Loaded RoutePredicateFactory [Query]
2025-11-06T00:33:53.440+03:00  INFO 73589 --- [api-gateway] [    Test worker] o.s.c.g.r.RouteDefinitionRouteLocator    : Loaded RoutePredicateFactory [ReadBody]
2025-11-06T00:33:53.440+03:00  INFO 73589 --- [api-gateway] [    Test worker] o.s.c.g.r.RouteDefinitionRouteLocator    : Loaded RoutePredicateFactory [RemoteAddr]
2025-11-06T00:33:53.440+03:00  INFO 73589 --- [api-gateway] [    Test worker] o.s.c.g.r.RouteDefinitionRouteLocator    : Loaded RoutePredicateFactory [XForwardedRemoteAddr]
2025-11-06T00:33:53.440+03:00  INFO 73589 --- [api-gateway] [    Test worker] o.s.c.g.r.RouteDefinitionRouteLocator    : Loaded RoutePredicateFactory [Weight]
2025-11-06T00:33:53.440+03:00  INFO 73589 --- [api-gateway] [    Test worker] o.s.c.g.r.RouteDefinitionRouteLocator    : Loaded RoutePredicateFactory [CloudFoundryRouteService]
2025-11-06T00:33:53.656+03:00  INFO 73589 --- [api-gateway] [    Test worker] o.s.b.a.e.web.EndpointLinksResolver      : Exposing 2 endpoints beneath base path '/actuator'
2025-11-06T00:33:53.814+03:00 DEBUG 73589 --- [api-gateway] [    Test worker] o.s.c.g.r.RouteDefinitionRouteLocator    : RouteDefinition userservice applying {_genkey_0=/api/v1/users/**} to Path
2025-11-06T00:33:53.827+03:00 DEBUG 73589 --- [api-gateway] [    Test worker] o.s.c.g.r.RouteDefinitionRouteLocator    : RouteDefinition userservice applying filter {} to Auth
2025-11-06T00:33:53.830+03:00 DEBUG 73589 --- [api-gateway] [    Test worker] o.s.c.g.r.RouteDefinitionRouteLocator    : RouteDefinition matched: userservice
2025-11-06T00:33:53.830+03:00 DEBUG 73589 --- [api-gateway] [    Test worker] o.s.c.g.r.RouteDefinitionRouteLocator    : RouteDefinition authservice applying {_genkey_0=/api/v1/auth/**} to Path
2025-11-06T00:33:53.831+03:00 DEBUG 73589 --- [api-gateway] [    Test worker] o.s.c.g.r.RouteDefinitionRouteLocator    : RouteDefinition matched: authservice
2025-11-06T00:33:53.831+03:00 DEBUG 73589 --- [api-gateway] [    Test worker] o.s.c.g.r.RouteDefinitionRouteLocator    : RouteDefinition courseservice applying {_genkey_0=/api/v1/courses/**} to Path
2025-11-06T00:33:53.832+03:00 DEBUG 73589 --- [api-gateway] [    Test worker] o.s.c.g.r.RouteDefinitionRouteLocator    : RouteDefinition courseservice applying filter {} to ConditionalAuth
2025-11-06T00:33:53.833+03:00 DEBUG 73589 --- [api-gateway] [    Test worker] o.s.c.g.r.RouteDefinitionRouteLocator    : RouteDefinition matched: courseservice
2025-11-06T00:33:53.833+03:00 DEBUG 73589 --- [api-gateway] [    Test worker] o.s.c.g.r.RouteDefinitionRouteLocator    : RouteDefinition modulesservice applying {_genkey_0=/api/v1/modules} to Path
2025-11-06T00:33:53.834+03:00 DEBUG 73589 --- [api-gateway] [    Test worker] o.s.c.g.r.RouteDefinitionRouteLocator    : RouteDefinition modulesservice applying filter {} to ConditionalAuth
2025-11-06T00:33:53.834+03:00 DEBUG 73589 --- [api-gateway] [    Test worker] o.s.c.g.r.RouteDefinitionRouteLocator    : RouteDefinition matched: modulesservice
2025-11-06T00:33:53.834+03:00 DEBUG 73589 --- [api-gateway] [    Test worker] o.s.c.g.r.RouteDefinitionRouteLocator    : RouteDefinition lessonsservice applying {_genkey_0=/api/v1/lessons} to Path
2025-11-06T00:33:53.835+03:00 DEBUG 73589 --- [api-gateway] [    Test worker] o.s.c.g.r.RouteDefinitionRouteLocator    : RouteDefinition lessonsservice applying filter {} to ConditionalAuth
2025-11-06T00:33:53.835+03:00 DEBUG 73589 --- [api-gateway] [    Test worker] o.s.c.g.r.RouteDefinitionRouteLocator    : RouteDefinition matched: lessonsservice
2025-11-06T00:33:53.839+03:00 DEBUG 73589 --- [api-gateway] [    Test worker] o.s.c.g.filter.GatewayMetricsFilter      : New routes count: 5
2025-11-06T00:33:53.840+03:00  INFO 73589 --- [api-gateway] [    Test worker] r.l.a.ApiGatewayApplicationTests         : Started ApiGatewayApplicationTests in 2.133 seconds (process running for 2.957)
]]></system-out>
  <system-err><![CDATA[Mockito is currently self-attaching to enable the inline-mock-maker. This will no longer work in future releases of the JDK. Please add Mockito as an agent to your build as described in Mockito's documentation: https://javadoc.io/doc/org.mockito/mockito-core/latest/org.mockito/org/mockito/Mockito.html#0.3
WARNING: A Java agent has been loaded dynamically (/home/undndnwnkk-arch/.gradle/caches/modules-2/files-2.1/net.bytebuddy/byte-buddy-agent/1.17.7/fbf3d6d649ed37fc9e9c59480a05be0a26e3c2da/byte-buddy-agent-1.17.7.jar)
WARNING: If a serviceability tool is in use, please run with -XX:+EnableDynamicAgentLoading to hide this warning
WARNING: If a serviceability tool is not in use, please run with -Djdk.instrument.traceUsage for more information
WARNING: Dynamic loading of agents will be disallowed by default in a future release
]]></system-err>
</testsuite>
