<?xml version="1.0" encoding="UTF-8"?>
<testsuite name="ru.lms_project.notificationservice.NotificationserviceApplicationTests" tests="1" skipped="0" failures="0" errors="0" timestamp="2025-11-05T21:25:49.329Z" hostname="arch-undndnwnkk" time="0.491">
  <properties/>
  <testcase name="contextLoads()" classname="ru.lms_project.notificationservice.NotificationserviceApplicationTests" time="0.491"/>
  <system-out><![CDATA[00:25:47.659 [Test worker] INFO org.springframework.test.context.support.AnnotationConfigContextLoaderUtils -- Could not detect default configuration classes for test class [ru.lms_project.notificationservice.NotificationserviceApplicationTests]: NotificationserviceApplicationTests does not declare any static, non-private, non-final, nested classes annotated with @Configuration.
00:25:47.728 [Test worker] INFO org.springframework.boot.test.context.SpringBootTestContextBootstrapper -- Found @SpringBootConfiguration ru.lms_project.notificationservice.NotificationserviceApplication for test class ru.lms_project.notificationservice.NotificationserviceApplicationTests

  .   ____          _            __ _ _
 /\\ / ___'_ __ _ _(_)_ __  __ _ \ \ \ \
( ( )\___ | '_ | '_| | '_ \/ _` | \ \ \ \
 \\/  ___)| |_)| | | | | || (_| |  ) ) ) )
  '  |____| .__|_| |_|_| |_\__, | / / / /
 =========|_|==============|___/=/_/_/_/

 :: Spring Boot ::                (v3.5.6)

2025-11-06T00:25:47.986+03:00  INFO 69638 --- [    Test worker] .l.n.NotificationserviceApplicationTests : Starting NotificationserviceApplicationTests using Java 21.0.7 with PID 69638 (started by undndnwnkk-arch in /home/undndnwnkk-arch/development/work/lms-project/LMS/services/notificationservice)
2025-11-06T00:25:47.987+03:00  INFO 69638 --- [    Test worker] .l.n.NotificationserviceApplicationTests : No active profile set, falling back to 1 default profile: "default"
2025-11-06T00:25:48.381+03:00  INFO 69638 --- [    Test worker] .s.d.r.c.RepositoryConfigurationDelegate : Bootstrapping Spring Data MongoDB repositories in DEFAULT mode.
2025-11-06T00:25:48.451+03:00  INFO 69638 --- [    Test worker] .s.d.r.c.RepositoryConfigurationDelegate : Finished Spring Data repository scanning in 66 ms. Found 1 MongoDB repository interface.
2025-11-06T00:25:48.724+03:00  INFO 69638 --- [    Test worker] org.mongodb.driver.client                : MongoClient with metadata {"driver": {"name": "mongo-java-driver|sync|spring-boot", "version": "5.5.1"}, "os": {"type": "Linux", "name": "Linux", "architecture": "amd64", "version": "6.16.8-arch3-1"}, "platform": "Java/Microsoft/21.0.7+6-LTS"} created with settings MongoClientSettings{readPreference=primary, writeConcern=WriteConcern{w=null, wTimeout=null ms, journal=null}, retryWrites=true, retryReads=true, readConcern=ReadConcern{level=null}, credential=null, transportSettings=null, commandListeners=[], codecRegistry=ProvidersCodecRegistry{codecProviders=[ValueCodecProvider{}, BsonValueCodecProvider{}, DBRefCodecProvider{}, DBObjectCodecProvider{}, DocumentCodecProvider{}, CollectionCodecProvider{}, IterableCodecProvider{}, MapCodecProvider{}, GeoJsonCodecProvider{}, GridFSFileCodecProvider{}, Jsr310CodecProvider{}, JsonObjectCodecProvider{}, BsonCodecProvider{}, EnumCodecProvider{}, com.mongodb.client.model.mql.ExpressionCodecProvider@6f50d55c, com.mongodb.Jep395RecordCodecProvider@19b5214b, com.mongodb.KotlinCodecProvider@5fb3111a]}, loggerSettings=LoggerSettings{maxDocumentLength=1000}, clusterSettings={hosts=[localhost:27017], srvServiceName=mongodb, mode=SINGLE, requiredClusterType=UNKNOWN, requiredReplicaSetName='null', serverSelector='null', clusterListeners='[]', serverSelectionTimeout='30000 ms', localThreshold='15 ms'}, socketSettings=SocketSettings{connectTimeoutMS=10000, readTimeoutMS=0, receiveBufferSize=0, proxySettings=ProxySettings{host=null, port=null, username=null, password=null}}, heartbeatSocketSettings=SocketSettings{connectTimeoutMS=10000, readTimeoutMS=10000, receiveBufferSize=0, proxySettings=ProxySettings{host=null, port=null, username=null, password=null}}, connectionPoolSettings=ConnectionPoolSettings{maxSize=100, minSize=0, maxWaitTimeMS=120000, maxConnectionLifeTimeMS=0, maxConnectionIdleTimeMS=0, maintenanceInitialDelayMS=0, maintenanceFrequencyMS=60000, connectionPoolListeners=[], maxConnecting=2}, serverSettings=ServerSettings{heartbeatFrequencyMS=10000, minHeartbeatFrequencyMS=500, serverMonitoringMode=AUTO, serverListeners='[]', serverMonitorListeners='[]'}, sslSettings=SslSettings{enabled=false, invalidHostNameAllowed=false, context=null}, applicationName='null', compressorList=[], uuidRepresentation=JAVA_LEGACY, serverApi=null, autoEncryptionSettings=null, dnsClient=null, inetAddressResolver=null, contextProvider=null, timeoutMS=null}
2025-11-06T00:25:48.746+03:00  INFO 69638 --- [localhost:27017] org.mongodb.driver.cluster               : Monitor thread successfully connected to server with description ServerDescription{address=localhost:27017, type=STANDALONE, cryptd=false, state=CONNECTED, ok=true, minWireVersion=0, maxWireVersion=21, maxDocumentSize=16777216, logicalSessionTimeoutMinutes=30, roundTripTimeNanos=9348006, minRoundTripTimeNanos=0}
2025-11-06T00:25:49.236+03:00  WARN 69638 --- [    Test worker] .s.s.UserDetailsServiceAutoConfiguration : 

Using generated security password: 5bd7235d-03ec-4a59-bad4-ffcd96b3497c

This generated password is for development use only. Your security configuration must be updated before running your application in production.

2025-11-06T00:25:49.239+03:00  INFO 69638 --- [    Test worker] r$InitializeUserDetailsManagerConfigurer : Global AuthenticationManager configured with UserDetailsService bean with name inMemoryUserDetailsManager
2025-11-06T00:25:49.316+03:00  INFO 69638 --- [    Test worker] .l.n.NotificationserviceApplicationTests : Started NotificationserviceApplicationTests in 1.497 seconds (process running for 2.176)
]]></system-out>
  <system-err><![CDATA[Mockito is currently self-attaching to enable the inline-mock-maker. This will no longer work in future releases of the JDK. Please add Mockito as an agent to your build as described in Mockito's documentation: https://javadoc.io/doc/org.mockito/mockito-core/latest/org.mockito/org/mockito/Mockito.html#0.3
WARNING: A Java agent has been loaded dynamically (/home/undndnwnkk-arch/.gradle/caches/modules-2/files-2.1/net.bytebuddy/byte-buddy-agent/1.17.7/fbf3d6d649ed37fc9e9c59480a05be0a26e3c2da/byte-buddy-agent-1.17.7.jar)
WARNING: If a serviceability tool is in use, please run with -XX:+EnableDynamicAgentLoading to hide this warning
WARNING: If a serviceability tool is not in use, please run with -Djdk.instrument.traceUsage for more information
WARNING: Dynamic loading of agents will be disallowed by default in a future release
]]></system-err>
</testsuite>
