<?xml version="1.0" encoding="UTF-8"?>
<testsuite name="ru.lms_project.authservice.controller.AuthControllerTest" tests="3" skipped="0" failures="0" errors="0" timestamp="2025-10-01T18:47:05.308Z" hostname="arch-undndnwnkk" time="0.223">
  <properties/>
  <testcase name="login_returnsTokens()" classname="ru.lms_project.authservice.controller.AuthControllerTest" time="0.202"/>
  <testcase name="refresh_returnsNewTokens()" classname="ru.lms_project.authservice.controller.AuthControllerTest" time="0.009"/>
  <testcase name="refresh_invalidToken_returns401()" classname="ru.lms_project.authservice.controller.AuthControllerTest" time="0.01"/>
  <system-out><![CDATA[21:47:01.078 [Test worker] INFO org.springframework.test.context.support.AnnotationConfigContextLoaderUtils -- Could not detect default configuration classes for test class [ru.lms_project.authservice.controller.AuthControllerTest]: AuthControllerTest does not declare any static, non-private, non-final, nested classes annotated with @Configuration.
21:47:01.177 [Test worker] INFO org.springframework.boot.test.context.SpringBootTestContextBootstrapper -- Found @SpringBootConfiguration ru.lms_project.authservice.AuthserviceApplication for test class ru.lms_project.authservice.controller.AuthControllerTest

  .   ____          _            __ _ _
 /\\ / ___'_ __ _ _(_)_ __  __ _ \ \ \ \
( ( )\___ | '_ | '_| | '_ \/ _` | \ \ \ \
 \\/  ___)| |_)| | | | | || (_| |  ) ) ) )
  '  |____| .__|_| |_|_| |_\__, | / / / /
 =========|_|==============|___/=/_/_/_/

 :: Spring Boot ::                (v3.5.6)

2025-10-01T21:47:01.417+03:00  INFO 28587 --- [authservice] [    Test worker] r.l.a.controller.AuthControllerTest      : Starting AuthControllerTest using Java 21.0.7 with PID 28587 (started by undndnwnkk-arch in /home/undndnwnkk-arch/development/work/LMS/services/authservice)
2025-10-01T21:47:01.418+03:00  INFO 28587 --- [authservice] [    Test worker] r.l.a.controller.AuthControllerTest      : The following 1 profile is active: "dev"
2025-10-01T21:47:02.021+03:00  INFO 28587 --- [authservice] [    Test worker] .s.d.r.c.RepositoryConfigurationDelegate : Bootstrapping Spring Data JPA repositories in DEFAULT mode.
2025-10-01T21:47:02.053+03:00  INFO 28587 --- [authservice] [    Test worker] .s.d.r.c.RepositoryConfigurationDelegate : Finished Spring Data repository scanning in 26 ms. Found 1 JPA repository interface.
2025-10-01T21:47:03.004+03:00  INFO 28587 --- [authservice] [    Test worker] o.hibernate.jpa.internal.util.LogHelper  : HHH000204: Processing PersistenceUnitInfo [name: default]
2025-10-01T21:47:03.034+03:00  INFO 28587 --- [authservice] [    Test worker] org.hibernate.Version                    : HHH000412: Hibernate ORM core version 6.6.29.Final
2025-10-01T21:47:03.055+03:00  INFO 28587 --- [authservice] [    Test worker] o.h.c.internal.RegionFactoryInitiator    : HHH000026: Second-level cache disabled
2025-10-01T21:47:03.134+03:00  INFO 28587 --- [authservice] [    Test worker] o.s.o.j.p.SpringPersistenceUnitInfo      : No LoadTimeWeaver setup: ignoring JPA class transformer
2025-10-01T21:47:03.155+03:00  INFO 28587 --- [authservice] [    Test worker] com.zaxxer.hikari.HikariDataSource       : HikariPool-1 - Starting...
2025-10-01T21:47:03.267+03:00  INFO 28587 --- [authservice] [    Test worker] com.zaxxer.hikari.pool.HikariPool        : HikariPool-1 - Added connection org.postgresql.jdbc.PgConnection@51f009ef
2025-10-01T21:47:03.268+03:00  INFO 28587 --- [authservice] [    Test worker] com.zaxxer.hikari.HikariDataSource       : HikariPool-1 - Start completed.
2025-10-01T21:47:03.313+03:00  INFO 28587 --- [authservice] [    Test worker] org.hibernate.orm.connections.pooling    : HHH10001005: Database info:
	Database JDBC URL [Connecting through datasource 'HikariDataSource (HikariPool-1)']
	Database driver: undefined/unknown
	Database version: 15.14
	Autocommit mode: undefined/unknown
	Isolation level: undefined/unknown
	Minimum pool size: undefined/unknown
	Maximum pool size: undefined/unknown
2025-10-01T21:47:03.755+03:00  INFO 28587 --- [authservice] [    Test worker] o.h.e.t.j.p.i.JtaPlatformInitiator       : HHH000489: No JTA platform available (set 'hibernate.transaction.jta.platform' to enable JTA platform integration)
2025-10-01T21:47:03.793+03:00  INFO 28587 --- [authservice] [    Test worker] j.LocalContainerEntityManagerFactoryBean : Initialized JPA EntityManagerFactory for persistence unit 'default'
2025-10-01T21:47:04.309+03:00  INFO 28587 --- [authservice] [    Test worker] o.s.b.a.e.web.EndpointLinksResolver      : Exposing 2 endpoints beneath base path '/actuator'
2025-10-01T21:47:04.336+03:00  WARN 28587 --- [authservice] [    Test worker] .s.s.UserDetailsServiceAutoConfiguration : 

Using generated security password: 1497509b-9c99-41ba-ae5d-4d69cdb60aac

This generated password is for development use only. Your security configuration must be updated before running your application in production.

2025-10-01T21:47:04.341+03:00  INFO 28587 --- [authservice] [    Test worker] r$InitializeUserDetailsManagerConfigurer : Global AuthenticationManager configured with UserDetailsService bean with name inMemoryUserDetailsManager
2025-10-01T21:47:04.801+03:00  INFO 28587 --- [authservice] [    Test worker] o.s.d.j.r.query.QueryEnhancerFactory     : Hibernate is in classpath; If applicable, HQL parser will be used.
2025-10-01T21:47:05.201+03:00  INFO 28587 --- [authservice] [    Test worker] o.s.b.t.m.w.SpringBootMockServletContext : Initializing Spring TestDispatcherServlet ''
2025-10-01T21:47:05.201+03:00  INFO 28587 --- [authservice] [    Test worker] o.s.t.web.servlet.TestDispatcherServlet  : Initializing Servlet ''
2025-10-01T21:47:05.202+03:00  INFO 28587 --- [authservice] [    Test worker] o.s.t.web.servlet.TestDispatcherServlet  : Completed initialization in 1 ms
2025-10-01T21:47:05.254+03:00  INFO 28587 --- [authservice] [    Test worker] r.l.a.controller.AuthControllerTest      : Started AuthControllerTest in 3.997 seconds (process running for 4.679)
]]></system-out>
  <system-err><![CDATA[Mockito is currently self-attaching to enable the inline-mock-maker. This will no longer work in future releases of the JDK. Please add Mockito as an agent to your build as described in Mockito's documentation: https://javadoc.io/doc/org.mockito/mockito-core/latest/org.mockito/org/mockito/Mockito.html#0.3
WARNING: A Java agent has been loaded dynamically (/home/undndnwnkk-arch/.gradle/caches/modules-2/files-2.1/net.bytebuddy/byte-buddy-agent/1.17.7/fbf3d6d649ed37fc9e9c59480a05be0a26e3c2da/byte-buddy-agent-1.17.7.jar)
WARNING: If a serviceability tool is in use, please run with -XX:+EnableDynamicAgentLoading to hide this warning
WARNING: If a serviceability tool is not in use, please run with -Djdk.instrument.traceUsage for more information
WARNING: Dynamic loading of agents will be disallowed by default in a future release
]]></system-err>
</testsuite>
