<?xml version="1.0" encoding="UTF-8"?>
<testsuite name="ru.lms_project.authservice.repository.RefreshTokenSessionRepositoryTest" tests="1" skipped="0" failures="0" errors="0" timestamp="2025-10-01T18:47:06.351Z" hostname="arch-undndnwnkk" time="0.102">
  <properties/>
  <testcase name="markActiveAsAlreadyUsed_updatesOnce()" classname="ru.lms_project.authservice.repository.RefreshTokenSessionRepositoryTest" time="0.102"/>
  <system-out><![CDATA[2025-10-01T21:47:06.097+03:00  INFO 28587 --- [authservice] [    Test worker] t.c.s.AnnotationConfigContextLoaderUtils : Could not detect default configuration classes for test class [ru.lms_project.authservice.repository.RefreshTokenSessionRepositoryTest]: RefreshTokenSessionRepositoryTest does not declare any static, non-private, non-final, nested classes annotated with @Configuration.
2025-10-01T21:47:06.107+03:00  INFO 28587 --- [authservice] [    Test worker] .b.t.c.SpringBootTestContextBootstrapper : Found @SpringBootConfiguration ru.lms_project.authservice.AuthserviceApplication for test class ru.lms_project.authservice.repository.RefreshTokenSessionRepositoryTest

  .   ____          _            __ _ _
 /\\ / ___'_ __ _ _(_)_ __  __ _ \ \ \ \
( ( )\___ | '_ | '_| | '_ \/ _` | \ \ \ \
 \\/  ___)| |_)| | | | | || (_| |  ) ) ) )
  '  |____| .__|_| |_|_| |_\__, | / / / /
 =========|_|==============|___/=/_/_/_/

 :: Spring Boot ::                (v3.5.6)

2025-10-01T21:47:06.120+03:00  INFO 28587 --- [authservice] [    Test worker] .l.a.r.RefreshTokenSessionRepositoryTest : Starting RefreshTokenSessionRepositoryTest using Java 21.0.7 with PID 28587 (started by undndnwnkk-arch in /home/undndnwnkk-arch/development/work/LMS/services/authservice)
2025-10-01T21:47:06.120+03:00  INFO 28587 --- [authservice] [    Test worker] .l.a.r.RefreshTokenSessionRepositoryTest : The following 1 profile is active: "dev"
2025-10-01T21:47:06.151+03:00  INFO 28587 --- [authservice] [    Test worker] .s.d.r.c.RepositoryConfigurationDelegate : Bootstrapping Spring Data JPA repositories in DEFAULT mode.
2025-10-01T21:47:06.156+03:00  INFO 28587 --- [authservice] [    Test worker] .s.d.r.c.RepositoryConfigurationDelegate : Finished Spring Data repository scanning in 3 ms. Found 1 JPA repository interface.
2025-10-01T21:47:06.161+03:00  INFO 28587 --- [authservice] [    Test worker] beddedDataSourceBeanFactoryPostProcessor : Replacing 'dataSource' DataSource bean with embedded version
2025-10-01T21:47:06.172+03:00  INFO 28587 --- [authservice] [    Test worker] o.s.j.d.e.EmbeddedDatabaseFactory        : Starting embedded database: url='jdbc:h2:mem:4b881c11-008b-4405-a8ea-e0875460967c;DB_CLOSE_DELAY=-1;DB_CLOSE_ON_EXIT=false', username='sa'
2025-10-01T21:47:06.271+03:00  INFO 28587 --- [authservice] [    Test worker] o.hibernate.jpa.internal.util.LogHelper  : HHH000204: Processing PersistenceUnitInfo [name: default]
2025-10-01T21:47:06.273+03:00  INFO 28587 --- [authservice] [    Test worker] o.h.c.internal.RegionFactoryInitiator    : HHH000026: Second-level cache disabled
2025-10-01T21:47:06.277+03:00  INFO 28587 --- [authservice] [    Test worker] o.s.o.j.p.SpringPersistenceUnitInfo      : No LoadTimeWeaver setup: ignoring JPA class transformer
2025-10-01T21:47:06.286+03:00  INFO 28587 --- [authservice] [    Test worker] org.hibernate.orm.connections.pooling    : HHH10001005: Database info:
	Database JDBC URL [Connecting through datasource 'org.springframework.jdbc.datasource.embedded.EmbeddedDatabaseFactory$EmbeddedDataSourceProxy@740224cc']
	Database driver: undefined/unknown
	Database version: 2.3.232
	Autocommit mode: undefined/unknown
	Isolation level: undefined/unknown
	Minimum pool size: undefined/unknown
	Maximum pool size: undefined/unknown
2025-10-01T21:47:06.311+03:00  INFO 28587 --- [authservice] [    Test worker] o.h.e.t.j.p.i.JtaPlatformInitiator       : HHH000489: No JTA platform available (set 'hibernate.transaction.jta.platform' to enable JTA platform integration)
Hibernate: create table refresh_token_session (id uuid not null, created_date timestamp(6) with time zone not null, expires timestamp(6) with time zone not null, status enum ('ACTIVE','ALREADY_USED','EXPIRED','REVOKED') not null, token_hash varchar(255) not null, user_id uuid not null, primary key (id))
Hibernate: alter table if exists refresh_token_session drop constraint if exists UKcft5lfx12t8bn0d3ev4mj36sk
Hibernate: alter table if exists refresh_token_session add constraint UKcft5lfx12t8bn0d3ev4mj36sk unique (token_hash)
2025-10-01T21:47:06.328+03:00  INFO 28587 --- [authservice] [    Test worker] j.LocalContainerEntityManagerFactoryBean : Initialized JPA EntityManagerFactory for persistence unit 'default'
2025-10-01T21:47:06.350+03:00  INFO 28587 --- [authservice] [    Test worker] .l.a.r.RefreshTokenSessionRepositoryTest : Started RefreshTokenSessionRepositoryTest in 0.241 seconds (process running for 5.775)
Hibernate: select rts1_0.id,rts1_0.created_date,rts1_0.expires,rts1_0.status,rts1_0.token_hash,rts1_0.user_id from refresh_token_session rts1_0 where rts1_0.id=?
Hibernate: insert into refresh_token_session (created_date,expires,status,token_hash,user_id,id) values (?,?,?,?,?,?)
Hibernate: update refresh_token_session rts1_0 set status='ALREADY_USED' where rts1_0.id=? and rts1_0.status='ACTIVE'
Hibernate: update refresh_token_session rts1_0 set status='ALREADY_USED' where rts1_0.id=? and rts1_0.status='ACTIVE'
Hibernate: select rts1_0.id,rts1_0.created_date,rts1_0.expires,rts1_0.status,rts1_0.token_hash,rts1_0.user_id from refresh_token_session rts1_0 where rts1_0.id=?
]]></system-out>
  <system-err><![CDATA[]]></system-err>
</testsuite>
