<?xml version="1.0" encoding="UTF-8"?>
<testsuite name="ru.lms_project.authservice.AuthserviceApplicationTests" tests="1" skipped="0" failures="0" errors="0" timestamp="2025-10-01T18:47:06.086Z" hostname="arch-undndnwnkk" time="0.007">
  <properties/>
  <testcase name="contextLoads()" classname="ru.lms_project.authservice.AuthserviceApplicationTests" time="0.007"/>
  <system-out><![CDATA[2025-10-01T21:47:05.534+03:00  INFO 28587 --- [authservice] [    Test worker] t.c.s.AnnotationConfigContextLoaderUtils : Could not detect default configuration classes for test class [ru.lms_project.authservice.AuthserviceApplicationTests]: AuthserviceApplicationTests does not declare any static, non-private, non-final, nested classes annotated with @Configuration.
2025-10-01T21:47:05.538+03:00  INFO 28587 --- [authservice] [    Test worker] .b.t.c.SpringBootTestContextBootstrapper : Found @SpringBootConfiguration ru.lms_project.authservice.AuthserviceApplication for test class ru.lms_project.authservice.AuthserviceApplicationTests

  .   ____          _            __ _ _
 /\\ / ___'_ __ _ _(_)_ __  __ _ \ \ \ \
( ( )\___ | '_ | '_| | '_ \/ _` | \ \ \ \
 \\/  ___)| |_)| | | | | || (_| |  ) ) ) )
  '  |____| .__|_| |_|_| |_\__, | / / / /
 =========|_|==============|___/=/_/_/_/

 :: Spring Boot ::                (v3.5.6)

2025-10-01T21:47:05.553+03:00  INFO 28587 --- [authservice] [    Test worker] r.l.a.AuthserviceApplicationTests        : Starting AuthserviceApplicationTests using Java 21.0.7 with PID 28587 (started by undndnwnkk-arch in /home/undndnwnkk-arch/development/work/LMS/services/authservice)
2025-10-01T21:47:05.553+03:00  INFO 28587 --- [authservice] [    Test worker] r.l.a.AuthserviceApplicationTests        : The following 1 profile is active: "dev"
2025-10-01T21:47:05.719+03:00  INFO 28587 --- [authservice] [    Test worker] .s.d.r.c.RepositoryConfigurationDelegate : Bootstrapping Spring Data JPA repositories in DEFAULT mode.
2025-10-01T21:47:05.725+03:00  INFO 28587 --- [authservice] [    Test worker] .s.d.r.c.RepositoryConfigurationDelegate : Finished Spring Data repository scanning in 4 ms. Found 1 JPA repository interface.
2025-10-01T21:47:05.792+03:00  INFO 28587 --- [authservice] [    Test worker] o.hibernate.jpa.internal.util.LogHelper  : HHH000204: Processing PersistenceUnitInfo [name: default]
2025-10-01T21:47:05.793+03:00  INFO 28587 --- [authservice] [    Test worker] o.h.c.internal.RegionFactoryInitiator    : HHH000026: Second-level cache disabled
2025-10-01T21:47:05.798+03:00  INFO 28587 --- [authservice] [    Test worker] o.s.o.j.p.SpringPersistenceUnitInfo      : No LoadTimeWeaver setup: ignoring JPA class transformer
2025-10-01T21:47:05.799+03:00  INFO 28587 --- [authservice] [    Test worker] com.zaxxer.hikari.HikariDataSource       : HikariPool-2 - Starting...
2025-10-01T21:47:05.807+03:00  INFO 28587 --- [authservice] [    Test worker] com.zaxxer.hikari.pool.HikariPool        : HikariPool-2 - Added connection org.postgresql.jdbc.PgConnection@702189aa
2025-10-01T21:47:05.807+03:00  INFO 28587 --- [authservice] [    Test worker] com.zaxxer.hikari.HikariDataSource       : HikariPool-2 - Start completed.
2025-10-01T21:47:05.811+03:00  INFO 28587 --- [authservice] [    Test worker] org.hibernate.orm.connections.pooling    : HHH10001005: Database info:
	Database JDBC URL [Connecting through datasource 'HikariDataSource (HikariPool-2)']
	Database driver: undefined/unknown
	Database version: 15.14
	Autocommit mode: undefined/unknown
	Isolation level: undefined/unknown
	Minimum pool size: undefined/unknown
	Maximum pool size: undefined/unknown
2025-10-01T21:47:05.830+03:00  INFO 28587 --- [authservice] [    Test worker] o.h.e.t.j.p.i.JtaPlatformInitiator       : HHH000489: No JTA platform available (set 'hibernate.transaction.jta.platform' to enable JTA platform integration)
2025-10-01T21:47:05.846+03:00  INFO 28587 --- [authservice] [    Test worker] j.LocalContainerEntityManagerFactoryBean : Initialized JPA EntityManagerFactory for persistence unit 'default'
2025-10-01T21:47:05.984+03:00  INFO 28587 --- [authservice] [    Test worker] o.s.b.a.e.web.EndpointLinksResolver      : Exposing 2 endpoints beneath base path '/actuator'
2025-10-01T21:47:05.994+03:00  WARN 28587 --- [authservice] [    Test worker] .s.s.UserDetailsServiceAutoConfiguration : 

Using generated security password: f840c7a4-09d3-462d-8434-f8d1194bc874

This generated password is for development use only. Your security configuration must be updated before running your application in production.

2025-10-01T21:47:05.995+03:00  INFO 28587 --- [authservice] [    Test worker] r$InitializeUserDetailsManagerConfigurer : Global AuthenticationManager configured with UserDetailsService bean with name inMemoryUserDetailsManager
2025-10-01T21:47:06.085+03:00  INFO 28587 --- [authservice] [    Test worker] r.l.a.AuthserviceApplicationTests        : Started AuthserviceApplicationTests in 0.545 seconds (process running for 5.51)
]]></system-out>
  <system-err><![CDATA[]]></system-err>
</testsuite>
