<?xml version="1.0" encoding="UTF-8"?>
<testsuite name="com.lms.courseService.CourseServiceTest" tests="10" skipped="0" failures="0" errors="0" timestamp="2025-11-05T21:34:04.232Z" hostname="arch-undndnwnkk" time="0.665">
  <properties/>
  <testcase name="update_found_appliesAllFieldsAndSaves()" classname="com.lms.courseService.CourseServiceTest" time="0.644"/>
  <testcase name="update_notFound_returnsNull()" classname="com.lms.courseService.CourseServiceTest" time="0.002"/>
  <testcase name="changeStatus_notFound_returnsNull()" classname="com.lms.courseService.CourseServiceTest" time="0.002"/>
  <testcase name="create_shouldSaveAndReturnCourse()" classname="com.lms.courseService.CourseServiceTest" time="0.002"/>
  <testcase name="delete_exists_deletesAndReturnsTrue()" classname="com.lms.courseService.CourseServiceTest" time="0.002"/>
  <testcase name="getById_found_returnsEntity()" classname="com.lms.courseService.CourseServiceTest" time="0.001"/>
  <testcase name="getAll_shouldReturnListFromRepo()" classname="com.lms.courseService.CourseServiceTest" time="0.001"/>
  <testcase name="delete_notExists_returnsFalse()" classname="com.lms.courseService.CourseServiceTest" time="0.002"/>
  <testcase name="changeStatus_found_updatesAndSaves()" classname="com.lms.courseService.CourseServiceTest" time="0.003"/>
  <testcase name="getById_notFound_returnsNull()" classname="com.lms.courseService.CourseServiceTest" time="0.001"/>
  <system-out><![CDATA[]]></system-out>
  <system-err><![CDATA[Mockito is currently self-attaching to enable the inline-mock-maker. This will no longer work in future releases of the JDK. Please add Mockito as an agent to your build as described in Mockito's documentation: https://javadoc.io/doc/org.mockito/mockito-core/latest/org.mockito/org/mockito/Mockito.html#0.3
WARNING: A Java agent has been loaded dynamically (/home/undndnwnkk-arch/.gradle/caches/modules-2/files-2.1/net.bytebuddy/byte-buddy-agent/1.17.7/fbf3d6d649ed37fc9e9c59480a05be0a26e3c2da/byte-buddy-agent-1.17.7.jar)
WARNING: If a serviceability tool is in use, please run with -XX:+EnableDynamicAgentLoading to hide this warning
WARNING: If a serviceability tool is not in use, please run with -Djdk.instrument.traceUsage for more information
WARNING: Dynamic loading of agents will be disallowed by default in a future release
]]></system-err>
</testsuite>
